<?xml version="1.0" encoding="UTF-8"?>
<testsuite xmlns:xsi="http://www.w3.org/2001/XMLSchema-instance" xsi:noNamespaceSchemaLocation="https://maven.apache.org/surefire/maven-surefire-plugin/xsd/surefire-test-report-3.0.xsd" version="3.0" name="lesson5.AddFavoriteTest" time="30.177" tests="1" errors="0" skipped="0" failures="0">
  <properties>
[...]
</properties>
  <testcase name="addShopToFavorite" classname="lesson5.AddFavoriteTest" time="28.289">
    <system-out><![CDATA[18:58:03.484 [main] DEBUG io.github.bonigarcia.wdm.cache.ResolutionCache - Resolution chrome=98 in cache (valid until 19:06:04 27/02/2022 MSK)
18:58:03.485 [main] DEBUG io.github.bonigarcia.wdm.cache.ResolutionCache - Resolution chrome98=98.0.4758.102 in cache (valid until 18:06:04 28/02/2022 MSK)
18:58:03.486 [main] INFO io.github.bonigarcia.wdm.WebDriverManager - Using chromedriver 98.0.4758.102 (resolved driver for Chrome 98)
18:58:03.491 [main] DEBUG io.github.bonigarcia.wdm.WebDriverManager - Driver chromedriver 98.0.4758.102 found in cache
18:58:03.492 [main] INFO io.github.bonigarcia.wdm.WebDriverManager - Exporting webdriver.chrome.driver as /Users/alinastepanova/.cache/selenium/chromedriver/mac64/98.0.4758.102/chromedriver
18:58:03.543 [AsyncHttpClient-1-5] DEBUG org.asynchttpclient.netty.channel.NettyConnectListener - Using new Channel '[id: 0x5bf46d9d, L:/127.0.0.1:49853 - R:localhost/127.0.0.1:53370]' for 'POST' to '/session'
18:58:04.360 [AsyncHttpClient-1-1] DEBUG org.asynchttpclient.netty.channel.DefaultChannelPool - Entry count for : http://localhost:49539 : 1
18:58:04.361 [AsyncHttpClient-1-1] DEBUG org.asynchttpclient.netty.channel.DefaultChannelPool - Entry count for : http://localhost:63415 : 1
18:58:05.193 [AsyncHttpClient-1-5] DEBUG org.asynchttpclient.netty.handler.HttpHandler - 

Request DefaultHttpRequest(decodeResult: success, version: HTTP/1.1)
POST /session HTTP/1.1
User-Agent: selenium/4.0.0 (java mac)
Content-Length: 485
Content-Type: application/json; charset=utf-8
host: localhost:53370
accept: */*

Response DefaultHttpResponse(decodeResult: success, version: HTTP/1.1)
HTTP/1.1 200 OK
Content-Type: application/json; charset=utf-8
cache-control: no-cache
content-length: 800

18:58:05.194 [AsyncHttpClient-1-5] DEBUG org.asynchttpclient.netty.channel.ChannelManager - Adding key: http://localhost:53370 for channel [id: 0x5bf46d9d, L:/127.0.0.1:49853 - R:localhost/127.0.0.1:53370]
18:58:05.203 [AsyncHttpClient-1-6] DEBUG org.asynchttpclient.netty.channel.NettyConnectListener - Using new Channel '[id: 0xda8b6ddb, L:/127.0.0.1:49872 - R:localhost/127.0.0.1:49858]' for 'GET' to '/json/version'
18:58:05.213 [AsyncHttpClient-1-6] DEBUG org.asynchttpclient.netty.handler.HttpHandler - 

Request DefaultFullHttpRequest(decodeResult: success, version: HTTP/1.1, content: EmptyByteBufBE)
GET /json/version HTTP/1.1
User-Agent: selenium/4.0.0 (java mac)
host: localhost:49858
accept: */*

Response DefaultHttpResponse(decodeResult: success, version: HTTP/1.1)
HTTP/1.1 200 OK
Content-Type: application/json; charset=UTF-8
content-length: 424

18:58:05.213 [AsyncHttpClient-1-6] DEBUG org.asynchttpclient.netty.channel.ChannelManager - Adding key: http://localhost:49858 for channel [id: 0xda8b6ddb, L:/127.0.0.1:49872 - R:localhost/127.0.0.1:49858]
18:58:05.216 [AsyncHttpClient-1-7] DEBUG org.asynchttpclient.netty.channel.NettyConnectListener - Using new Channel '[id: 0xfd984a93, L:/127.0.0.1:49873 - R:localhost/127.0.0.1:49858]' for 'GET' to '/devtools/browser/fffaa966-bfac-4a01-8779-ea28b0f6bafc'
18:58:05.228 [AsyncHttpClient-1-7] DEBUG org.asynchttpclient.netty.handler.WebSocketHandler - 

Request DefaultFullHttpRequest(decodeResult: success, version: HTTP/1.1, content: EmptyByteBufBE)
GET /devtools/browser/fffaa966-bfac-4a01-8779-ea28b0f6bafc HTTP/1.1
upgrade: websocket
connection: upgrade
sec-websocket-key: zz1LVvDqd+bYwFVDg9ncjA==
sec-websocket-version: 13
origin: http://localhost:49858
host: localhost:49858
accept: */*
user-agent: AHC/2.1

Response DefaultHttpResponse(decodeResult: success, version: HTTP/1.1)
HTTP/1.1 101 WebSocket Protocol Handshake
Upgrade: WebSocket
Connection: Upgrade
Sec-WebSocket-Accept: +X7zXDa4hQWouSNqyQ1InB9agzM=

18:58:05.238 [Forwarding maximizeCurrentWindow on session 4499641ff078a5093e72734b002a18f7 to remote] DEBUG org.asynchttpclient.netty.request.NettyRequestSender - Using pooled Channel '[id: 0x5bf46d9d, L:/127.0.0.1:49853 - R:localhost/127.0.0.1:53370]' for 'POST' to 'http://localhost:53370/session/4499641ff078a5093e72734b002a18f7/window/maximize'
18:58:05.238 [Forwarding maximizeCurrentWindow on session 4499641ff078a5093e72734b002a18f7 to remote] DEBUG org.asynchttpclient.netty.request.NettyRequestSender - Using open Channel [id: 0x5bf46d9d, L:/127.0.0.1:49853 - R:localhost/127.0.0.1:53370] for POST '/session/4499641ff078a5093e72734b002a18f7/window/maximize'
18:58:05.347 [AsyncHttpClient-1-5] DEBUG org.asynchttpclient.netty.handler.HttpHandler - 

Request DefaultHttpRequest(decodeResult: success, version: HTTP/1.1)
POST /session/4499641ff078a5093e72734b002a18f7/window/maximize HTTP/1.1
User-Agent: selenium/4.0.0 (java mac)
Content-Length: 3
Content-Type: application/json; charset=utf-8
host: localhost:53370
accept: */*

Response DefaultHttpResponse(decodeResult: success, version: HTTP/1.1)
HTTP/1.1 200 OK
Content-Type: application/json; charset=utf-8
cache-control: no-cache
content-length: 51

18:58:05.347 [AsyncHttpClient-1-5] DEBUG org.asynchttpclient.netty.channel.ChannelManager - Adding key: http://localhost:53370 for channel [id: 0x5bf46d9d, L:/127.0.0.1:49853 - R:localhost/127.0.0.1:53370]
18:58:05.348 [Forwarding setTimeout on session 4499641ff078a5093e72734b002a18f7 to remote] DEBUG org.asynchttpclient.netty.request.NettyRequestSender - Using pooled Channel '[id: 0x5bf46d9d, L:/127.0.0.1:49853 - R:localhost/127.0.0.1:53370]' for 'POST' to 'http://localhost:53370/session/4499641ff078a5093e72734b002a18f7/timeouts'
18:58:05.348 [Forwarding setTimeout on session 4499641ff078a5093e72734b002a18f7 to remote] DEBUG org.asynchttpclient.netty.request.NettyRequestSender - Using open Channel [id: 0x5bf46d9d, L:/127.0.0.1:49853 - R:localhost/127.0.0.1:53370] for POST '/session/4499641ff078a5093e72734b002a18f7/timeouts'
18:58:05.349 [AsyncHttpClient-1-5] DEBUG org.asynchttpclient.netty.handler.HttpHandler - 

Request DefaultHttpRequest(decodeResult: success, version: HTTP/1.1)
POST /session/4499641ff078a5093e72734b002a18f7/timeouts HTTP/1.1
User-Agent: selenium/4.0.0 (java mac)
Content-Length: 23
Content-Type: application/json; charset=utf-8
host: localhost:53370
accept: */*

Response DefaultHttpResponse(decodeResult: success, version: HTTP/1.1)
HTTP/1.1 200 OK
Content-Type: application/json; charset=utf-8
cache-control: no-cache
content-length: 14

18:58:05.350 [AsyncHttpClient-1-5] DEBUG org.asynchttpclient.netty.channel.ChannelManager - Adding key: http://localhost:53370 for channel [id: 0x5bf46d9d, L:/127.0.0.1:49853 - R:localhost/127.0.0.1:53370]
18:58:05.352 [Forwarding get on session 4499641ff078a5093e72734b002a18f7 to remote] DEBUG org.asynchttpclient.netty.request.NettyRequestSender - Using pooled Channel '[id: 0x5bf46d9d, L:/127.0.0.1:49853 - R:localhost/127.0.0.1:53370]' for 'POST' to 'http://localhost:53370/session/4499641ff078a5093e72734b002a18f7/url'
18:58:05.353 [Forwarding get on session 4499641ff078a5093e72734b002a18f7 to remote] DEBUG org.asynchttpclient.netty.request.NettyRequestSender - Using open Channel [id: 0x5bf46d9d, L:/127.0.0.1:49853 - R:localhost/127.0.0.1:53370] for POST '/session/4499641ff078a5093e72734b002a18f7/url'
18:58:05.460 [AsyncHttpClient-1-1] DEBUG org.asynchttpclient.netty.channel.DefaultChannelPool - Entry count for : http://localhost:49539 : 1
18:58:05.460 [AsyncHttpClient-1-1] DEBUG org.asynchttpclient.netty.channel.DefaultChannelPool - Entry count for : http://localhost:49858 : 1
18:58:05.460 [AsyncHttpClient-1-1] DEBUG org.asynchttpclient.netty.channel.DefaultChannelPool - Entry count for : http://localhost:63415 : 1
18:58:06.559 [AsyncHttpClient-1-1] DEBUG org.asynchttpclient.netty.channel.DefaultChannelPool - Entry count for : http://localhost:49539 : 1
18:58:06.559 [AsyncHttpClient-1-1] DEBUG org.asynchttpclient.netty.channel.DefaultChannelPool - Entry count for : http://localhost:49858 : 1
18:58:06.559 [AsyncHttpClient-1-1] DEBUG org.asynchttpclient.netty.channel.DefaultChannelPool - Entry count for : http://localhost:63415 : 1
18:58:07.659 [AsyncHttpClient-1-1] DEBUG org.asynchttpclient.netty.channel.DefaultChannelPool - Entry count for : http://localhost:49539 : 1
18:58:07.659 [AsyncHttpClient-1-1] DEBUG org.asynchttpclient.netty.channel.DefaultChannelPool - Entry count for : http://localhost:49858 : 1
18:58:07.659 [AsyncHttpClient-1-1] DEBUG org.asynchttpclient.netty.channel.DefaultChannelPool - Entry count for : http://localhost:63415 : 1
18:58:08.759 [AsyncHttpClient-1-1] DEBUG org.asynchttpclient.netty.channel.DefaultChannelPool - Entry count for : http://localhost:49539 : 1
18:58:08.759 [AsyncHttpClient-1-1] DEBUG org.asynchttpclient.netty.channel.DefaultChannelPool - Entry count for : http://localhost:49858 : 1
18:58:08.759 [AsyncHttpClient-1-1] DEBUG org.asynchttpclient.netty.channel.DefaultChannelPool - Entry count for : http://localhost:63415 : 1
18:58:09.860 [AsyncHttpClient-1-1] DEBUG org.asynchttpclient.netty.channel.DefaultChannelPool - Entry count for : http://localhost:49539 : 1
18:58:09.861 [AsyncHttpClient-1-1] DEBUG org.asynchttpclient.netty.channel.DefaultChannelPool - Entry count for : http://localhost:49858 : 1
18:58:09.861 [AsyncHttpClient-1-1] DEBUG org.asynchttpclient.netty.channel.DefaultChannelPool - Entry count for : http://localhost:63415 : 1
18:58:10.961 [AsyncHttpClient-1-1] DEBUG org.asynchttpclient.netty.channel.DefaultChannelPool - Entry count for : http://localhost:49539 : 1
18:58:10.961 [AsyncHttpClient-1-1] DEBUG org.asynchttpclient.netty.channel.DefaultChannelPool - Entry count for : http://localhost:49858 : 1
18:58:10.961 [AsyncHttpClient-1-1] DEBUG org.asynchttpclient.netty.channel.DefaultChannelPool - Entry count for : http://localhost:63415 : 1
18:58:12.061 [AsyncHttpClient-1-1] DEBUG org.asynchttpclient.netty.channel.DefaultChannelPool - Entry count for : http://localhost:49539 : 1
18:58:12.061 [AsyncHttpClient-1-1] DEBUG org.asynchttpclient.netty.channel.DefaultChannelPool - Entry count for : http://localhost:49858 : 1
18:58:12.061 [AsyncHttpClient-1-1] DEBUG org.asynchttpclient.netty.channel.DefaultChannelPool - Entry count for : http://localhost:63415 : 1
18:58:12.799 [AsyncHttpClient-1-5] DEBUG org.asynchttpclient.netty.handler.HttpHandler - 

Request DefaultHttpRequest(decodeResult: success, version: HTTP/1.1)
POST /session/4499641ff078a5093e72734b002a18f7/url HTTP/1.1
User-Agent: selenium/4.0.0 (java mac)
Content-Length: 88
Content-Type: application/json; charset=utf-8
host: localhost:53370
accept: */*

Response DefaultHttpResponse(decodeResult: success, version: HTTP/1.1)
HTTP/1.1 200 OK
Content-Type: application/json; charset=utf-8
cache-control: no-cache
content-length: 14

18:58:12.799 [AsyncHttpClient-1-5] DEBUG org.asynchttpclient.netty.channel.ChannelManager - Adding key: http://localhost:53370 for channel [id: 0x5bf46d9d, L:/127.0.0.1:49853 - R:localhost/127.0.0.1:53370]
18:58:12.801 [Forwarding findElement on session 4499641ff078a5093e72734b002a18f7 to remote] DEBUG org.asynchttpclient.netty.request.NettyRequestSender - Using pooled Channel '[id: 0x5bf46d9d, L:/127.0.0.1:49853 - R:localhost/127.0.0.1:53370]' for 'POST' to 'http://localhost:53370/session/4499641ff078a5093e72734b002a18f7/element'
18:58:12.801 [Forwarding findElement on session 4499641ff078a5093e72734b002a18f7 to remote] DEBUG org.asynchttpclient.netty.request.NettyRequestSender - Using open Channel [id: 0x5bf46d9d, L:/127.0.0.1:49853 - R:localhost/127.0.0.1:53370] for POST '/session/4499641ff078a5093e72734b002a18f7/element'
18:58:12.810 [AsyncHttpClient-1-5] DEBUG org.asynchttpclient.netty.handler.HttpHandler - 

Request DefaultHttpRequest(decodeResult: success, version: HTTP/1.1)
POST /session/4499641ff078a5093e72734b002a18f7/element HTTP/1.1
User-Agent: selenium/4.0.0 (java mac)
Content-Length: 74
Content-Type: application/json; charset=utf-8
host: localhost:53370
accept: */*

Response DefaultHttpResponse(decodeResult: success, version: HTTP/1.1)
HTTP/1.1 200 OK
Content-Type: application/json; charset=utf-8
cache-control: no-cache
content-length: 88

18:58:12.810 [AsyncHttpClient-1-5] DEBUG org.asynchttpclient.netty.channel.ChannelManager - Adding key: http://localhost:53370 for channel [id: 0x5bf46d9d, L:/127.0.0.1:49853 - R:localhost/127.0.0.1:53370]
18:58:12.812 [Forwarding findElement on session 4499641ff078a5093e72734b002a18f7 to remote] DEBUG org.asynchttpclient.netty.request.NettyRequestSender - Using pooled Channel '[id: 0x5bf46d9d, L:/127.0.0.1:49853 - R:localhost/127.0.0.1:53370]' for 'POST' to 'http://localhost:53370/session/4499641ff078a5093e72734b002a18f7/element'
18:58:12.812 [Forwarding findElement on session 4499641ff078a5093e72734b002a18f7 to remote] DEBUG org.asynchttpclient.netty.request.NettyRequestSender - Using open Channel [id: 0x5bf46d9d, L:/127.0.0.1:49853 - R:localhost/127.0.0.1:53370] for POST '/session/4499641ff078a5093e72734b002a18f7/element'
18:58:12.819 [AsyncHttpClient-1-5] DEBUG org.asynchttpclient.netty.handler.HttpHandler - 

Request DefaultHttpRequest(decodeResult: success, version: HTTP/1.1)
POST /session/4499641ff078a5093e72734b002a18f7/element HTTP/1.1
User-Agent: selenium/4.0.0 (java mac)
Content-Length: 78
Content-Type: application/json; charset=utf-8
host: localhost:53370
accept: */*

Response DefaultHttpResponse(decodeResult: success, version: HTTP/1.1)
HTTP/1.1 200 OK
Content-Type: application/json; charset=utf-8
cache-control: no-cache
content-length: 88

18:58:12.819 [AsyncHttpClient-1-5] DEBUG org.asynchttpclient.netty.channel.ChannelManager - Adding key: http://localhost:53370 for channel [id: 0x5bf46d9d, L:/127.0.0.1:49853 - R:localhost/127.0.0.1:53370]
18:58:12.820 [Forwarding findElement on session 4499641ff078a5093e72734b002a18f7 to remote] DEBUG org.asynchttpclient.netty.request.NettyRequestSender - Using pooled Channel '[id: 0x5bf46d9d, L:/127.0.0.1:49853 - R:localhost/127.0.0.1:53370]' for 'POST' to 'http://localhost:53370/session/4499641ff078a5093e72734b002a18f7/element'
18:58:12.820 [Forwarding findElement on session 4499641ff078a5093e72734b002a18f7 to remote] DEBUG org.asynchttpclient.netty.request.NettyRequestSender - Using open Channel [id: 0x5bf46d9d, L:/127.0.0.1:49853 - R:localhost/127.0.0.1:53370] for POST '/session/4499641ff078a5093e72734b002a18f7/element'
18:58:12.832 [AsyncHttpClient-1-5] DEBUG org.asynchttpclient.netty.handler.HttpHandler - 

Request DefaultHttpRequest(decodeResult: success, version: HTTP/1.1)
POST /session/4499641ff078a5093e72734b002a18f7/element HTTP/1.1
User-Agent: selenium/4.0.0 (java mac)
Content-Length: 62
Content-Type: application/json; charset=utf-8
host: localhost:53370
accept: */*

Response DefaultHttpResponse(decodeResult: success, version: HTTP/1.1)
HTTP/1.1 200 OK
Content-Type: application/json; charset=utf-8
cache-control: no-cache
content-length: 88

18:58:12.832 [AsyncHttpClient-1-5] DEBUG org.asynchttpclient.netty.channel.ChannelManager - Adding key: http://localhost:53370 for channel [id: 0x5bf46d9d, L:/127.0.0.1:49853 - R:localhost/127.0.0.1:53370]
18:58:12.846 [Forwarding actions on session 4499641ff078a5093e72734b002a18f7 to remote] DEBUG org.asynchttpclient.netty.request.NettyRequestSender - Using pooled Channel '[id: 0x5bf46d9d, L:/127.0.0.1:49853 - R:localhost/127.0.0.1:53370]' for 'POST' to 'http://localhost:53370/session/4499641ff078a5093e72734b002a18f7/actions'
18:58:12.846 [Forwarding actions on session 4499641ff078a5093e72734b002a18f7 to remote] DEBUG org.asynchttpclient.netty.request.NettyRequestSender - Using open Channel [id: 0x5bf46d9d, L:/127.0.0.1:49853 - R:localhost/127.0.0.1:53370] for POST '/session/4499641ff078a5093e72734b002a18f7/actions'
18:58:13.161 [AsyncHttpClient-1-1] DEBUG org.asynchttpclient.netty.channel.DefaultChannelPool - Entry count for : http://localhost:49539 : 1
18:58:13.161 [AsyncHttpClient-1-1] DEBUG org.asynchttpclient.netty.channel.DefaultChannelPool - Entry count for : http://localhost:49858 : 1
18:58:13.161 [AsyncHttpClient-1-1] DEBUG org.asynchttpclient.netty.channel.DefaultChannelPool - Entry count for : http://localhost:63415 : 1
18:58:14.261 [AsyncHttpClient-1-1] DEBUG org.asynchttpclient.netty.channel.DefaultChannelPool - Entry count for : http://localhost:49539 : 1
18:58:14.261 [AsyncHttpClient-1-1] DEBUG org.asynchttpclient.netty.channel.DefaultChannelPool - Entry count for : http://localhost:49858 : 1
18:58:14.262 [AsyncHttpClient-1-1] DEBUG org.asynchttpclient.netty.channel.DefaultChannelPool - Entry count for : http://localhost:63415 : 1
18:58:15.259 [AsyncHttpClient-1-5] DEBUG org.asynchttpclient.netty.handler.HttpHandler - 

Request DefaultHttpRequest(decodeResult: success, version: HTTP/1.1)
POST /session/4499641ff078a5093e72734b002a18f7/actions HTTP/1.1
User-Agent: selenium/4.0.0 (java mac)
Content-Length: 9478
Content-Type: application/json; charset=utf-8
host: localhost:53370
accept: */*

Response DefaultHttpResponse(decodeResult: success, version: HTTP/1.1)
HTTP/1.1 200 OK
Content-Type: application/json; charset=utf-8
cache-control: no-cache
content-length: 14

18:58:15.260 [AsyncHttpClient-1-5] DEBUG org.asynchttpclient.netty.channel.ChannelManager - Adding key: http://localhost:53370 for channel [id: 0x5bf46d9d, L:/127.0.0.1:49853 - R:localhost/127.0.0.1:53370]
18:58:15.262 [Forwarding findElement on session 4499641ff078a5093e72734b002a18f7 to remote] DEBUG org.asynchttpclient.netty.request.NettyRequestSender - Using pooled Channel '[id: 0x5bf46d9d, L:/127.0.0.1:49853 - R:localhost/127.0.0.1:53370]' for 'POST' to 'http://localhost:53370/session/4499641ff078a5093e72734b002a18f7/element'
18:58:15.262 [Forwarding findElement on session 4499641ff078a5093e72734b002a18f7 to remote] DEBUG org.asynchttpclient.netty.request.NettyRequestSender - Using open Channel [id: 0x5bf46d9d, L:/127.0.0.1:49853 - R:localhost/127.0.0.1:53370] for POST '/session/4499641ff078a5093e72734b002a18f7/element'
18:58:15.360 [AsyncHttpClient-1-1] DEBUG org.asynchttpclient.netty.channel.DefaultChannelPool - Entry count for : http://localhost:49539 : 1
18:58:15.361 [AsyncHttpClient-1-1] DEBUG org.asynchttpclient.netty.channel.DefaultChannelPool - Entry count for : http://localhost:49858 : 1
18:58:15.361 [AsyncHttpClient-1-1] DEBUG org.asynchttpclient.netty.channel.DefaultChannelPool - Entry count for : http://localhost:63415 : 1
18:58:16.462 [AsyncHttpClient-1-1] DEBUG org.asynchttpclient.netty.channel.DefaultChannelPool - Entry count for : http://localhost:49539 : 1
18:58:16.462 [AsyncHttpClient-1-1] DEBUG org.asynchttpclient.netty.channel.DefaultChannelPool - Entry count for : http://localhost:49858 : 1
18:58:16.462 [AsyncHttpClient-1-1] DEBUG org.asynchttpclient.netty.channel.DefaultChannelPool - Entry count for : http://localhost:63415 : 1
18:58:17.560 [AsyncHttpClient-1-1] DEBUG org.asynchttpclient.netty.channel.DefaultChannelPool - Entry count for : http://localhost:49539 : 1
18:58:17.561 [AsyncHttpClient-1-1] DEBUG org.asynchttpclient.netty.channel.DefaultChannelPool - Entry count for : http://localhost:49858 : 1
18:58:17.561 [AsyncHttpClient-1-1] DEBUG org.asynchttpclient.netty.channel.DefaultChannelPool - Entry count for : http://localhost:63415 : 1
18:58:18.659 [AsyncHttpClient-1-1] DEBUG org.asynchttpclient.netty.channel.DefaultChannelPool - Entry count for : http://localhost:49539 : 1
18:58:18.659 [AsyncHttpClient-1-1] DEBUG org.asynchttpclient.netty.channel.DefaultChannelPool - Entry count for : http://localhost:49858 : 1
18:58:18.659 [AsyncHttpClient-1-1] DEBUG org.asynchttpclient.netty.channel.DefaultChannelPool - Entry count for : http://localhost:63415 : 1
18:58:19.760 [AsyncHttpClient-1-1] DEBUG org.asynchttpclient.netty.channel.DefaultChannelPool - Entry count for : http://localhost:49539 : 1
18:58:19.760 [AsyncHttpClient-1-1] DEBUG org.asynchttpclient.netty.channel.DefaultChannelPool - Entry count for : http://localhost:49858 : 1
18:58:19.760 [AsyncHttpClient-1-1] DEBUG org.asynchttpclient.netty.channel.DefaultChannelPool - Entry count for : http://localhost:63415 : 1
18:58:20.863 [AsyncHttpClient-1-1] DEBUG org.asynchttpclient.netty.channel.DefaultChannelPool - Entry count for : http://localhost:49539 : 1
18:58:20.863 [AsyncHttpClient-1-1] DEBUG org.asynchttpclient.netty.channel.DefaultChannelPool - Entry count for : http://localhost:49858 : 1
18:58:20.863 [AsyncHttpClient-1-1] DEBUG org.asynchttpclient.netty.channel.DefaultChannelPool - Entry count for : http://localhost:63415 : 1
18:58:21.963 [AsyncHttpClient-1-1] DEBUG org.asynchttpclient.netty.channel.DefaultChannelPool - Entry count for : http://localhost:49539 : 1
18:58:21.963 [AsyncHttpClient-1-1] DEBUG org.asynchttpclient.netty.channel.DefaultChannelPool - Entry count for : http://localhost:49858 : 1
18:58:21.963 [AsyncHttpClient-1-1] DEBUG org.asynchttpclient.netty.channel.DefaultChannelPool - Entry count for : http://localhost:63415 : 1
18:58:23.062 [AsyncHttpClient-1-1] DEBUG org.asynchttpclient.netty.channel.DefaultChannelPool - Entry count for : http://localhost:49539 : 1
18:58:23.062 [AsyncHttpClient-1-1] DEBUG org.asynchttpclient.netty.channel.DefaultChannelPool - Entry count for : http://localhost:49858 : 1
18:58:23.062 [AsyncHttpClient-1-1] DEBUG org.asynchttpclient.netty.channel.DefaultChannelPool - Entry count for : http://localhost:63415 : 1
18:58:24.158 [AsyncHttpClient-1-1] DEBUG org.asynchttpclient.netty.channel.DefaultChannelPool - Entry count for : http://localhost:49539 : 1
18:58:24.158 [AsyncHttpClient-1-1] DEBUG org.asynchttpclient.netty.channel.DefaultChannelPool - Entry count for : http://localhost:49858 : 1
18:58:24.158 [AsyncHttpClient-1-1] DEBUG org.asynchttpclient.netty.channel.DefaultChannelPool - Entry count for : http://localhost:63415 : 1
18:58:25.262 [AsyncHttpClient-1-1] DEBUG org.asynchttpclient.netty.channel.DefaultChannelPool - Entry count for : http://localhost:49539 : 1
18:58:25.262 [AsyncHttpClient-1-1] DEBUG org.asynchttpclient.netty.channel.DefaultChannelPool - Entry count for : http://localhost:49858 : 1
18:58:25.262 [AsyncHttpClient-1-1] DEBUG org.asynchttpclient.netty.channel.DefaultChannelPool - Entry count for : http://localhost:63415 : 1
18:58:26.359 [AsyncHttpClient-1-1] DEBUG org.asynchttpclient.netty.channel.DefaultChannelPool - Entry count for : http://localhost:49539 : 1
18:58:26.359 [AsyncHttpClient-1-1] DEBUG org.asynchttpclient.netty.channel.DefaultChannelPool - Entry count for : http://localhost:49858 : 1
18:58:26.360 [AsyncHttpClient-1-1] DEBUG org.asynchttpclient.netty.channel.DefaultChannelPool - Entry count for : http://localhost:63415 : 1
18:58:27.458 [AsyncHttpClient-1-1] DEBUG org.asynchttpclient.netty.channel.DefaultChannelPool - Entry count for : http://localhost:49539 : 1
18:58:27.459 [AsyncHttpClient-1-1] DEBUG org.asynchttpclient.netty.channel.DefaultChannelPool - Entry count for : http://localhost:49858 : 1
18:58:27.459 [AsyncHttpClient-1-1] DEBUG org.asynchttpclient.netty.channel.DefaultChannelPool - Entry count for : http://localhost:63415 : 1
18:58:28.560 [AsyncHttpClient-1-1] DEBUG org.asynchttpclient.netty.channel.DefaultChannelPool - Entry count for : http://localhost:49539 : 1
18:58:28.561 [AsyncHttpClient-1-1] DEBUG org.asynchttpclient.netty.channel.DefaultChannelPool - Entry count for : http://localhost:49858 : 1
18:58:28.561 [AsyncHttpClient-1-1] DEBUG org.asynchttpclient.netty.channel.DefaultChannelPool - Entry count for : http://localhost:63415 : 1
18:58:29.003 [AsyncHttpClient-1-5] DEBUG org.asynchttpclient.netty.handler.HttpHandler - 

Request DefaultHttpRequest(decodeResult: success, version: HTTP/1.1)
POST /session/4499641ff078a5093e72734b002a18f7/element HTTP/1.1
User-Agent: selenium/4.0.0 (java mac)
Content-Length: 68
Content-Type: application/json; charset=utf-8
host: localhost:53370
accept: */*

Response DefaultHttpResponse(decodeResult: success, version: HTTP/1.1)
HTTP/1.1 200 OK
Content-Type: application/json; charset=utf-8
cache-control: no-cache
content-length: 88

18:58:29.003 [AsyncHttpClient-1-5] DEBUG org.asynchttpclient.netty.channel.ChannelManager - Adding key: http://localhost:53370 for channel [id: 0x5bf46d9d, L:/127.0.0.1:49853 - R:localhost/127.0.0.1:53370]
18:58:29.008 [Forwarding sendKeysToElement on session 4499641ff078a5093e72734b002a18f7 to remote] DEBUG org.asynchttpclient.netty.request.NettyRequestSender - Using pooled Channel '[id: 0x5bf46d9d, L:/127.0.0.1:49853 - R:localhost/127.0.0.1:53370]' for 'POST' to 'http://localhost:53370/session/4499641ff078a5093e72734b002a18f7/element/bae7c232-2a2a-4b07-927a-e836817f5f97/value'
18:58:29.008 [Forwarding sendKeysToElement on session 4499641ff078a5093e72734b002a18f7 to remote] DEBUG org.asynchttpclient.netty.request.NettyRequestSender - Using open Channel [id: 0x5bf46d9d, L:/127.0.0.1:49853 - R:localhost/127.0.0.1:53370] for POST '/session/4499641ff078a5093e72734b002a18f7/element/bae7c232-2a2a-4b07-927a-e836817f5f97/value'
18:58:29.120 [AsyncHttpClient-1-5] DEBUG org.asynchttpclient.netty.handler.HttpHandler - 

Request DefaultHttpRequest(decodeResult: success, version: HTTP/1.1)
POST /session/4499641ff078a5093e72734b002a18f7/element/bae7c232-2a2a-4b07-927a-e836817f5f97/value HTTP/1.1
User-Agent: selenium/4.0.0 (java mac)
Content-Length: 181
Content-Type: application/json; charset=utf-8
host: localhost:53370
accept: */*

Response DefaultHttpResponse(decodeResult: success, version: HTTP/1.1)
HTTP/1.1 200 OK
Content-Type: application/json; charset=utf-8
cache-control: no-cache
content-length: 14

18:58:29.120 [AsyncHttpClient-1-5] DEBUG org.asynchttpclient.netty.channel.ChannelManager - Adding key: http://localhost:53370 for channel [id: 0x5bf46d9d, L:/127.0.0.1:49853 - R:localhost/127.0.0.1:53370]
18:58:29.121 [Forwarding findElement on session 4499641ff078a5093e72734b002a18f7 to remote] DEBUG org.asynchttpclient.netty.request.NettyRequestSender - Using pooled Channel '[id: 0x5bf46d9d, L:/127.0.0.1:49853 - R:localhost/127.0.0.1:53370]' for 'POST' to 'http://localhost:53370/session/4499641ff078a5093e72734b002a18f7/element'
18:58:29.121 [Forwarding findElement on session 4499641ff078a5093e72734b002a18f7 to remote] DEBUG org.asynchttpclient.netty.request.NettyRequestSender - Using open Channel [id: 0x5bf46d9d, L:/127.0.0.1:49853 - R:localhost/127.0.0.1:53370] for POST '/session/4499641ff078a5093e72734b002a18f7/element'
18:58:29.661 [AsyncHttpClient-1-1] DEBUG org.asynchttpclient.netty.channel.DefaultChannelPool - Entry count for : http://localhost:49539 : 1
18:58:29.662 [AsyncHttpClient-1-1] DEBUG org.asynchttpclient.netty.channel.DefaultChannelPool - Entry count for : http://localhost:49858 : 1
18:58:29.662 [AsyncHttpClient-1-1] DEBUG org.asynchttpclient.netty.channel.DefaultChannelPool - Entry count for : http://localhost:63415 : 1
18:58:29.956 [AsyncHttpClient-1-5] DEBUG org.asynchttpclient.netty.handler.HttpHandler - 

Request DefaultHttpRequest(decodeResult: success, version: HTTP/1.1)
POST /session/4499641ff078a5093e72734b002a18f7/element HTTP/1.1
User-Agent: selenium/4.0.0 (java mac)
Content-Length: 85
Content-Type: application/json; charset=utf-8
host: localhost:53370
accept: */*

Response DefaultHttpResponse(decodeResult: success, version: HTTP/1.1)
HTTP/1.1 200 OK
Content-Type: application/json; charset=utf-8
cache-control: no-cache
content-length: 88

18:58:29.957 [AsyncHttpClient-1-5] DEBUG org.asynchttpclient.netty.channel.ChannelManager - Adding key: http://localhost:53370 for channel [id: 0x5bf46d9d, L:/127.0.0.1:49853 - R:localhost/127.0.0.1:53370]
18:58:29.959 [Forwarding actions on session 4499641ff078a5093e72734b002a18f7 to remote] DEBUG org.asynchttpclient.netty.request.NettyRequestSender - Using pooled Channel '[id: 0x5bf46d9d, L:/127.0.0.1:49853 - R:localhost/127.0.0.1:53370]' for 'POST' to 'http://localhost:53370/session/4499641ff078a5093e72734b002a18f7/actions'
18:58:29.959 [Forwarding actions on session 4499641ff078a5093e72734b002a18f7 to remote] DEBUG org.asynchttpclient.netty.request.NettyRequestSender - Using open Channel [id: 0x5bf46d9d, L:/127.0.0.1:49853 - R:localhost/127.0.0.1:53370] for POST '/session/4499641ff078a5093e72734b002a18f7/actions'
18:58:30.141 [AsyncHttpClient-1-5] DEBUG org.asynchttpclient.netty.handler.HttpHandler - 

Request DefaultHttpRequest(decodeResult: success, version: HTTP/1.1)
POST /session/4499641ff078a5093e72734b002a18f7/actions HTTP/1.1
User-Agent: selenium/4.0.0 (java mac)
Content-Length: 630
Content-Type: application/json; charset=utf-8
host: localhost:53370
accept: */*

Response DefaultHttpResponse(decodeResult: success, version: HTTP/1.1)
HTTP/1.1 200 OK
Content-Type: application/json; charset=utf-8
cache-control: no-cache
content-length: 14

18:58:30.141 [AsyncHttpClient-1-5] DEBUG org.asynchttpclient.netty.channel.ChannelManager - Adding key: http://localhost:53370 for channel [id: 0x5bf46d9d, L:/127.0.0.1:49853 - R:localhost/127.0.0.1:53370]
18:58:30.144 [Forwarding getCurrentUrl on session 4499641ff078a5093e72734b002a18f7 to remote] DEBUG org.asynchttpclient.netty.request.NettyRequestSender - Using pooled Channel '[id: 0x5bf46d9d, L:/127.0.0.1:49853 - R:localhost/127.0.0.1:53370]' for 'GET' to 'http://localhost:53370/session/4499641ff078a5093e72734b002a18f7/url'
18:58:30.144 [Forwarding getCurrentUrl on session 4499641ff078a5093e72734b002a18f7 to remote] DEBUG org.asynchttpclient.netty.request.NettyRequestSender - Using open Channel [id: 0x5bf46d9d, L:/127.0.0.1:49853 - R:localhost/127.0.0.1:53370] for GET '/session/4499641ff078a5093e72734b002a18f7/url'
18:58:30.147 [AsyncHttpClient-1-5] DEBUG org.asynchttpclient.netty.handler.HttpHandler - 

Request DefaultFullHttpRequest(decodeResult: success, version: HTTP/1.1, content: EmptyByteBufBE)
GET /session/4499641ff078a5093e72734b002a18f7/url HTTP/1.1
User-Agent: selenium/4.0.0 (java mac)
Cache-Control: no-cache
Content-Type: application/json; charset=utf-8
host: localhost:53370
accept: */*

Response DefaultHttpResponse(decodeResult: success, version: HTTP/1.1)
HTTP/1.1 200 OK
Content-Type: application/json; charset=utf-8
cache-control: no-cache
content-length: 41

18:58:30.147 [AsyncHttpClient-1-5] DEBUG org.asynchttpclient.netty.channel.ChannelManager - Adding key: http://localhost:53370 for channel [id: 0x5bf46d9d, L:/127.0.0.1:49853 - R:localhost/127.0.0.1:53370]
18:58:30.653 [Forwarding getCurrentUrl on session 4499641ff078a5093e72734b002a18f7 to remote] DEBUG org.asynchttpclient.netty.request.NettyRequestSender - Using pooled Channel '[id: 0x5bf46d9d, L:/127.0.0.1:49853 - R:localhost/127.0.0.1:53370]' for 'GET' to 'http://localhost:53370/session/4499641ff078a5093e72734b002a18f7/url'
18:58:30.653 [Forwarding getCurrentUrl on session 4499641ff078a5093e72734b002a18f7 to remote] DEBUG org.asynchttpclient.netty.request.NettyRequestSender - Using open Channel [id: 0x5bf46d9d, L:/127.0.0.1:49853 - R:localhost/127.0.0.1:53370] for GET '/session/4499641ff078a5093e72734b002a18f7/url'
18:58:30.656 [AsyncHttpClient-1-5] DEBUG org.asynchttpclient.netty.handler.HttpHandler - 

Request DefaultFullHttpRequest(decodeResult: success, version: HTTP/1.1, content: EmptyByteBufBE)
GET /session/4499641ff078a5093e72734b002a18f7/url HTTP/1.1
User-Agent: selenium/4.0.0 (java mac)
Cache-Control: no-cache
Content-Type: application/json; charset=utf-8
host: localhost:53370
accept: */*

Response DefaultHttpResponse(decodeResult: success, version: HTTP/1.1)
HTTP/1.1 200 OK
Content-Type: application/json; charset=utf-8
cache-control: no-cache
content-length: 41

18:58:30.656 [AsyncHttpClient-1-5] DEBUG org.asynchttpclient.netty.channel.ChannelManager - Adding key: http://localhost:53370 for channel [id: 0x5bf46d9d, L:/127.0.0.1:49853 - R:localhost/127.0.0.1:53370]
18:58:30.763 [AsyncHttpClient-1-1] DEBUG org.asynchttpclient.netty.channel.DefaultChannelPool - Entry count for : http://localhost:53370 : 1
18:58:30.763 [AsyncHttpClient-1-1] DEBUG org.asynchttpclient.netty.channel.DefaultChannelPool - Entry count for : http://localhost:49539 : 1
18:58:30.763 [AsyncHttpClient-1-1] DEBUG org.asynchttpclient.netty.channel.DefaultChannelPool - Entry count for : http://localhost:49858 : 1
18:58:30.763 [AsyncHttpClient-1-1] DEBUG org.asynchttpclient.netty.channel.DefaultChannelPool - Entry count for : http://localhost:63415 : 1
18:58:31.159 [Forwarding getCurrentUrl on session 4499641ff078a5093e72734b002a18f7 to remote] DEBUG org.asynchttpclient.netty.request.NettyRequestSender - Using pooled Channel '[id: 0x5bf46d9d, L:/127.0.0.1:49853 - R:localhost/127.0.0.1:53370]' for 'GET' to 'http://localhost:53370/session/4499641ff078a5093e72734b002a18f7/url'
18:58:31.159 [Forwarding getCurrentUrl on session 4499641ff078a5093e72734b002a18f7 to remote] DEBUG org.asynchttpclient.netty.request.NettyRequestSender - Using open Channel [id: 0x5bf46d9d, L:/127.0.0.1:49853 - R:localhost/127.0.0.1:53370] for GET '/session/4499641ff078a5093e72734b002a18f7/url'
18:58:31.161 [AsyncHttpClient-1-5] DEBUG org.asynchttpclient.netty.handler.HttpHandler - 

Request DefaultFullHttpRequest(decodeResult: success, version: HTTP/1.1, content: EmptyByteBufBE)
GET /session/4499641ff078a5093e72734b002a18f7/url HTTP/1.1
User-Agent: selenium/4.0.0 (java mac)
Cache-Control: no-cache
Content-Type: application/json; charset=utf-8
host: localhost:53370
accept: */*

Response DefaultHttpResponse(decodeResult: success, version: HTTP/1.1)
HTTP/1.1 200 OK
Content-Type: application/json; charset=utf-8
cache-control: no-cache
content-length: 41

18:58:31.162 [AsyncHttpClient-1-5] DEBUG org.asynchttpclient.netty.channel.ChannelManager - Adding key: http://localhost:53370 for channel [id: 0x5bf46d9d, L:/127.0.0.1:49853 - R:localhost/127.0.0.1:53370]
18:58:31.664 [Forwarding getCurrentUrl on session 4499641ff078a5093e72734b002a18f7 to remote] DEBUG org.asynchttpclient.netty.request.NettyRequestSender - Using pooled Channel '[id: 0x5bf46d9d, L:/127.0.0.1:49853 - R:localhost/127.0.0.1:53370]' for 'GET' to 'http://localhost:53370/session/4499641ff078a5093e72734b002a18f7/url'
18:58:31.664 [Forwarding getCurrentUrl on session 4499641ff078a5093e72734b002a18f7 to remote] DEBUG org.asynchttpclient.netty.request.NettyRequestSender - Using open Channel [id: 0x5bf46d9d, L:/127.0.0.1:49853 - R:localhost/127.0.0.1:53370] for GET '/session/4499641ff078a5093e72734b002a18f7/url'
18:58:31.795 [AsyncHttpClient-1-5] DEBUG org.asynchttpclient.netty.handler.HttpHandler - 

Request DefaultFullHttpRequest(decodeResult: success, version: HTTP/1.1, content: EmptyByteBufBE)
GET /session/4499641ff078a5093e72734b002a18f7/url HTTP/1.1
User-Agent: selenium/4.0.0 (java mac)
Cache-Control: no-cache
Content-Type: application/json; charset=utf-8
host: localhost:53370
accept: */*

Response DefaultHttpResponse(decodeResult: success, version: HTTP/1.1)
HTTP/1.1 200 OK
Content-Type: application/json; charset=utf-8
cache-control: no-cache
content-length: 51

18:58:31.795 [AsyncHttpClient-1-5] DEBUG org.asynchttpclient.netty.channel.ChannelManager - Adding key: http://localhost:53370 for channel [id: 0x5bf46d9d, L:/127.0.0.1:49853 - R:localhost/127.0.0.1:53370]
18:58:31.796 [Forwarding findElement on session 4499641ff078a5093e72734b002a18f7 to remote] DEBUG org.asynchttpclient.netty.request.NettyRequestSender - Using pooled Channel '[id: 0x5bf46d9d, L:/127.0.0.1:49853 - R:localhost/127.0.0.1:53370]' for 'POST' to 'http://localhost:53370/session/4499641ff078a5093e72734b002a18f7/element'
18:58:31.796 [Forwarding findElement on session 4499641ff078a5093e72734b002a18f7 to remote] DEBUG org.asynchttpclient.netty.request.NettyRequestSender - Using open Channel [id: 0x5bf46d9d, L:/127.0.0.1:49853 - R:localhost/127.0.0.1:53370] for POST '/session/4499641ff078a5093e72734b002a18f7/element'
18:58:31.811 [AsyncHttpClient-1-5] DEBUG org.asynchttpclient.netty.handler.HttpHandler - 

Request DefaultHttpRequest(decodeResult: success, version: HTTP/1.1)
POST /session/4499641ff078a5093e72734b002a18f7/element HTTP/1.1
User-Agent: selenium/4.0.0 (java mac)
Content-Length: 60
Content-Type: application/json; charset=utf-8
host: localhost:53370
accept: */*

Response DefaultHttpResponse(decodeResult: success, version: HTTP/1.1)
HTTP/1.1 200 OK
Content-Type: application/json; charset=utf-8
cache-control: no-cache
content-length: 88

18:58:31.811 [AsyncHttpClient-1-5] DEBUG org.asynchttpclient.netty.channel.ChannelManager - Adding key: http://localhost:53370 for channel [id: 0x5bf46d9d, L:/127.0.0.1:49853 - R:localhost/127.0.0.1:53370]
18:58:31.813 [Forwarding actions on session 4499641ff078a5093e72734b002a18f7 to remote] DEBUG org.asynchttpclient.netty.request.NettyRequestSender - Using pooled Channel '[id: 0x5bf46d9d, L:/127.0.0.1:49853 - R:localhost/127.0.0.1:53370]' for 'POST' to 'http://localhost:53370/session/4499641ff078a5093e72734b002a18f7/actions'
18:58:31.814 [Forwarding actions on session 4499641ff078a5093e72734b002a18f7 to remote] DEBUG org.asynchttpclient.netty.request.NettyRequestSender - Using open Channel [id: 0x5bf46d9d, L:/127.0.0.1:49853 - R:localhost/127.0.0.1:53370] for POST '/session/4499641ff078a5093e72734b002a18f7/actions'
18:58:31.861 [AsyncHttpClient-1-1] DEBUG org.asynchttpclient.netty.channel.DefaultChannelPool - Entry count for : http://localhost:49539 : 1
18:58:31.861 [AsyncHttpClient-1-1] DEBUG org.asynchttpclient.netty.channel.DefaultChannelPool - Entry count for : http://localhost:49858 : 1
18:58:31.861 [AsyncHttpClient-1-1] DEBUG org.asynchttpclient.netty.channel.DefaultChannelPool - Entry count for : http://localhost:63415 : 1
18:58:31.967 [AsyncHttpClient-1-5] DEBUG org.asynchttpclient.netty.handler.HttpHandler - 

Request DefaultHttpRequest(decodeResult: success, version: HTTP/1.1)
POST /session/4499641ff078a5093e72734b002a18f7/actions HTTP/1.1
User-Agent: selenium/4.0.0 (java mac)
Content-Length: 630
Content-Type: application/json; charset=utf-8
host: localhost:53370
accept: */*

Response DefaultHttpResponse(decodeResult: success, version: HTTP/1.1)
HTTP/1.1 200 OK
Content-Type: application/json; charset=utf-8
cache-control: no-cache
content-length: 14

18:58:31.968 [AsyncHttpClient-1-5] DEBUG org.asynchttpclient.netty.channel.ChannelManager - Adding key: http://localhost:53370 for channel [id: 0x5bf46d9d, L:/127.0.0.1:49853 - R:localhost/127.0.0.1:53370]
18:58:31.969 [Forwarding findElement on session 4499641ff078a5093e72734b002a18f7 to remote] DEBUG org.asynchttpclient.netty.request.NettyRequestSender - Using pooled Channel '[id: 0x5bf46d9d, L:/127.0.0.1:49853 - R:localhost/127.0.0.1:53370]' for 'POST' to 'http://localhost:53370/session/4499641ff078a5093e72734b002a18f7/element'
18:58:31.969 [Forwarding findElement on session 4499641ff078a5093e72734b002a18f7 to remote] DEBUG org.asynchttpclient.netty.request.NettyRequestSender - Using open Channel [id: 0x5bf46d9d, L:/127.0.0.1:49853 - R:localhost/127.0.0.1:53370] for POST '/session/4499641ff078a5093e72734b002a18f7/element'
18:58:32.001 [AsyncHttpClient-1-5] DEBUG org.asynchttpclient.netty.handler.HttpHandler - 

Request DefaultHttpRequest(decodeResult: success, version: HTTP/1.1)
POST /session/4499641ff078a5093e72734b002a18f7/element HTTP/1.1
User-Agent: selenium/4.0.0 (java mac)
Content-Length: 106
Content-Type: application/json; charset=utf-8
host: localhost:53370
accept: */*

Response DefaultHttpResponse(decodeResult: success, version: HTTP/1.1)
HTTP/1.1 200 OK
Content-Type: application/json; charset=utf-8
cache-control: no-cache
content-length: 88

18:58:32.001 [AsyncHttpClient-1-5] DEBUG org.asynchttpclient.netty.channel.ChannelManager - Adding key: http://localhost:53370 for channel [id: 0x5bf46d9d, L:/127.0.0.1:49853 - R:localhost/127.0.0.1:53370]
18:58:32.003 [Forwarding actions on session 4499641ff078a5093e72734b002a18f7 to remote] DEBUG org.asynchttpclient.netty.request.NettyRequestSender - Using pooled Channel '[id: 0x5bf46d9d, L:/127.0.0.1:49853 - R:localhost/127.0.0.1:53370]' for 'POST' to 'http://localhost:53370/session/4499641ff078a5093e72734b002a18f7/actions'
18:58:32.003 [Forwarding actions on session 4499641ff078a5093e72734b002a18f7 to remote] DEBUG org.asynchttpclient.netty.request.NettyRequestSender - Using open Channel [id: 0x5bf46d9d, L:/127.0.0.1:49853 - R:localhost/127.0.0.1:53370] for POST '/session/4499641ff078a5093e72734b002a18f7/actions'
18:58:32.213 [AsyncHttpClient-1-5] DEBUG org.asynchttpclient.netty.handler.HttpHandler - 

Request DefaultHttpRequest(decodeResult: success, version: HTTP/1.1)
POST /session/4499641ff078a5093e72734b002a18f7/actions HTTP/1.1
User-Agent: selenium/4.0.0 (java mac)
Content-Length: 630
Content-Type: application/json; charset=utf-8
host: localhost:53370
accept: */*

Response DefaultHttpResponse(decodeResult: success, version: HTTP/1.1)
HTTP/1.1 200 OK
Content-Type: application/json; charset=utf-8
cache-control: no-cache
content-length: 14

18:58:32.213 [AsyncHttpClient-1-5] DEBUG org.asynchttpclient.netty.channel.ChannelManager - Adding key: http://localhost:53370 for channel [id: 0x5bf46d9d, L:/127.0.0.1:49853 - R:localhost/127.0.0.1:53370]
18:58:32.215 [Forwarding findElement on session 4499641ff078a5093e72734b002a18f7 to remote] DEBUG org.asynchttpclient.netty.request.NettyRequestSender - Using pooled Channel '[id: 0x5bf46d9d, L:/127.0.0.1:49853 - R:localhost/127.0.0.1:53370]' for 'POST' to 'http://localhost:53370/session/4499641ff078a5093e72734b002a18f7/element'
18:58:32.215 [Forwarding findElement on session 4499641ff078a5093e72734b002a18f7 to remote] DEBUG org.asynchttpclient.netty.request.NettyRequestSender - Using open Channel [id: 0x5bf46d9d, L:/127.0.0.1:49853 - R:localhost/127.0.0.1:53370] for POST '/session/4499641ff078a5093e72734b002a18f7/element'
18:58:32.962 [AsyncHttpClient-1-1] DEBUG org.asynchttpclient.netty.channel.DefaultChannelPool - Entry count for : http://localhost:49539 : 1
18:58:32.962 [AsyncHttpClient-1-1] DEBUG org.asynchttpclient.netty.channel.DefaultChannelPool - Entry count for : http://localhost:49858 : 1
18:58:32.962 [AsyncHttpClient-1-1] DEBUG org.asynchttpclient.netty.channel.DefaultChannelPool - Entry count for : http://localhost:63415 : 1
18:58:33.407 [AsyncHttpClient-1-5] DEBUG org.asynchttpclient.netty.handler.HttpHandler - 

Request DefaultHttpRequest(decodeResult: success, version: HTTP/1.1)
POST /session/4499641ff078a5093e72734b002a18f7/element HTTP/1.1
User-Agent: selenium/4.0.0 (java mac)
Content-Length: 68
Content-Type: application/json; charset=utf-8
host: localhost:53370
accept: */*

Response DefaultHttpResponse(decodeResult: success, version: HTTP/1.1)
HTTP/1.1 200 OK
Content-Type: application/json; charset=utf-8
cache-control: no-cache
content-length: 88

18:58:33.407 [AsyncHttpClient-1-5] DEBUG org.asynchttpclient.netty.channel.ChannelManager - Adding key: http://localhost:53370 for channel [id: 0x5bf46d9d, L:/127.0.0.1:49853 - R:localhost/127.0.0.1:53370]
18:58:33.409 [Forwarding actions on session 4499641ff078a5093e72734b002a18f7 to remote] DEBUG org.asynchttpclient.netty.request.NettyRequestSender - Using pooled Channel '[id: 0x5bf46d9d, L:/127.0.0.1:49853 - R:localhost/127.0.0.1:53370]' for 'POST' to 'http://localhost:53370/session/4499641ff078a5093e72734b002a18f7/actions'
18:58:33.410 [Forwarding actions on session 4499641ff078a5093e72734b002a18f7 to remote] DEBUG org.asynchttpclient.netty.request.NettyRequestSender - Using open Channel [id: 0x5bf46d9d, L:/127.0.0.1:49853 - R:localhost/127.0.0.1:53370] for POST '/session/4499641ff078a5093e72734b002a18f7/actions'
18:58:33.610 [AsyncHttpClient-1-5] DEBUG org.asynchttpclient.netty.handler.HttpHandler - 

Request DefaultHttpRequest(decodeResult: success, version: HTTP/1.1)
POST /session/4499641ff078a5093e72734b002a18f7/actions HTTP/1.1
User-Agent: selenium/4.0.0 (java mac)
Content-Length: 630
Content-Type: application/json; charset=utf-8
host: localhost:53370
accept: */*

Response DefaultHttpResponse(decodeResult: success, version: HTTP/1.1)
HTTP/1.1 200 OK
Content-Type: application/json; charset=utf-8
cache-control: no-cache
content-length: 14

18:58:33.610 [AsyncHttpClient-1-5] DEBUG org.asynchttpclient.netty.channel.ChannelManager - Adding key: http://localhost:53370 for channel [id: 0x5bf46d9d, L:/127.0.0.1:49853 - R:localhost/127.0.0.1:53370]
18:58:33.611 [Forwarding findElements on session 4499641ff078a5093e72734b002a18f7 to remote] DEBUG org.asynchttpclient.netty.request.NettyRequestSender - Using pooled Channel '[id: 0x5bf46d9d, L:/127.0.0.1:49853 - R:localhost/127.0.0.1:53370]' for 'POST' to 'http://localhost:53370/session/4499641ff078a5093e72734b002a18f7/elements'
18:58:33.611 [Forwarding findElements on session 4499641ff078a5093e72734b002a18f7 to remote] DEBUG org.asynchttpclient.netty.request.NettyRequestSender - Using open Channel [id: 0x5bf46d9d, L:/127.0.0.1:49853 - R:localhost/127.0.0.1:53370] for POST '/session/4499641ff078a5093e72734b002a18f7/elements'
18:58:33.629 [AsyncHttpClient-1-5] DEBUG org.asynchttpclient.netty.handler.HttpHandler - 

Request DefaultHttpRequest(decodeResult: success, version: HTTP/1.1)
POST /session/4499641ff078a5093e72734b002a18f7/elements HTTP/1.1
User-Agent: selenium/4.0.0 (java mac)
Content-Length: 64
Content-Type: application/json; charset=utf-8
host: localhost:53370
accept: */*

Response DefaultHttpResponse(decodeResult: success, version: HTTP/1.1)
HTTP/1.1 200 OK
Content-Type: application/json; charset=utf-8
cache-control: no-cache
content-length: 90

18:58:33.629 [AsyncHttpClient-1-5] DEBUG org.asynchttpclient.netty.channel.ChannelManager - Adding key: http://localhost:53370 for channel [id: 0x5bf46d9d, L:/127.0.0.1:49853 - R:localhost/127.0.0.1:53370]
]]></system-out>
    <system-err><![CDATA[Starting ChromeDriver 98.0.4758.102 (273bf7ac8c909cde36982d27f66f3c70846a3718-refs/branch-heads/4758@{#1151}) on port 53370
Only local connections are allowed.
Please see https://chromedriver.chromium.org/security-considerations for suggestions on keeping ChromeDriver safe.
ChromeDriver was started successfully.
февр. 27, 2022 6:58:05 PM org.openqa.selenium.remote.ProtocolHandshake createSession
INFO: Detected dialect: W3C
февр. 27, 2022 6:58:05 PM org.openqa.selenium.devtools.CdpVersionFinder findNearestMatch
WARNING: Unable to find an exact match for CDP version 98, so returning the closest version found: 95
февр. 27, 2022 6:58:05 PM org.openqa.selenium.devtools.CdpVersionFinder findNearestMatch
INFO: Found CDP implementation for version 98 of 95
]]></system-err>
  </testcase>
</testsuite>