<?xml version="1.0" encoding="UTF-8"?>
<testsuite xmlns:xsi="http://www.w3.org/2001/XMLSchema-instance" xsi:noNamespaceSchemaLocation="https://maven.apache.org/surefire/maven-surefire-plugin/xsd/surefire-test-report-3.0.xsd" version="3.0" name="lesson5.AuthTest" time="23.707" tests="1" errors="0" skipped="0" failures="0">
  <properties>
[...]
</properties>
  <testcase name="test" classname="lesson5.AuthTest" time="21.9">
    <system-out><![CDATA[18:58:33.660 [main] DEBUG io.github.bonigarcia.wdm.cache.ResolutionCache - Resolution chrome=98 in cache (valid until 19:06:04 27/02/2022 MSK)
18:58:33.662 [main] DEBUG io.github.bonigarcia.wdm.cache.ResolutionCache - Resolution chrome98=98.0.4758.102 in cache (valid until 18:06:04 28/02/2022 MSK)
18:58:33.662 [main] INFO io.github.bonigarcia.wdm.WebDriverManager - Using chromedriver 98.0.4758.102 (resolved driver for Chrome 98)
18:58:33.670 [main] DEBUG io.github.bonigarcia.wdm.WebDriverManager - Driver chromedriver 98.0.4758.102 found in cache
18:58:33.671 [main] INFO io.github.bonigarcia.wdm.WebDriverManager - Exporting webdriver.chrome.driver as /Users/alinastepanova/.cache/selenium/chromedriver/mac64/98.0.4758.102/chromedriver
18:58:33.726 [AsyncHttpClient-1-8] DEBUG org.asynchttpclient.netty.channel.NettyConnectListener - Using new Channel '[id: 0x1d602546, L:/127.0.0.1:50190 - R:localhost/127.0.0.1:53230]' for 'POST' to '/session'
18:58:34.062 [AsyncHttpClient-1-1] DEBUG org.asynchttpclient.netty.channel.DefaultChannelPool - Entry count for : http://localhost:53370 : 1
18:58:34.062 [AsyncHttpClient-1-1] DEBUG org.asynchttpclient.netty.channel.DefaultChannelPool - Entry count for : http://localhost:49539 : 1
18:58:34.062 [AsyncHttpClient-1-1] DEBUG org.asynchttpclient.netty.channel.DefaultChannelPool - Entry count for : http://localhost:49858 : 1
18:58:34.062 [AsyncHttpClient-1-1] DEBUG org.asynchttpclient.netty.channel.DefaultChannelPool - Entry count for : http://localhost:63415 : 1
18:58:35.160 [AsyncHttpClient-1-1] DEBUG org.asynchttpclient.netty.channel.DefaultChannelPool - Entry count for : http://localhost:53370 : 1
18:58:35.160 [AsyncHttpClient-1-1] DEBUG org.asynchttpclient.netty.channel.DefaultChannelPool - Entry count for : http://localhost:49539 : 1
18:58:35.160 [AsyncHttpClient-1-1] DEBUG org.asynchttpclient.netty.channel.DefaultChannelPool - Entry count for : http://localhost:49858 : 1
18:58:35.160 [AsyncHttpClient-1-1] DEBUG org.asynchttpclient.netty.channel.DefaultChannelPool - Entry count for : http://localhost:63415 : 1
18:58:35.301 [AsyncHttpClient-1-8] DEBUG org.asynchttpclient.netty.handler.HttpHandler - 

Request DefaultHttpRequest(decodeResult: success, version: HTTP/1.1)
POST /session HTTP/1.1
User-Agent: selenium/4.0.0 (java mac)
Content-Length: 485
Content-Type: application/json; charset=utf-8
host: localhost:53230
accept: */*

Response DefaultHttpResponse(decodeResult: success, version: HTTP/1.1)
HTTP/1.1 200 OK
Content-Type: application/json; charset=utf-8
cache-control: no-cache
content-length: 800

18:58:35.302 [AsyncHttpClient-1-8] DEBUG org.asynchttpclient.netty.channel.ChannelManager - Adding key: http://localhost:53230 for channel [id: 0x1d602546, L:/127.0.0.1:50190 - R:localhost/127.0.0.1:53230]
18:58:35.312 [AsyncHttpClient-1-9] DEBUG org.asynchttpclient.netty.channel.NettyConnectListener - Using new Channel '[id: 0x5b1fd059, L:/127.0.0.1:50207 - R:localhost/127.0.0.1:50195]' for 'GET' to '/json/version'
18:58:35.322 [AsyncHttpClient-1-9] DEBUG org.asynchttpclient.netty.handler.HttpHandler - 

Request DefaultFullHttpRequest(decodeResult: success, version: HTTP/1.1, content: EmptyByteBufBE)
GET /json/version HTTP/1.1
User-Agent: selenium/4.0.0 (java mac)
host: localhost:50195
accept: */*

Response DefaultHttpResponse(decodeResult: success, version: HTTP/1.1)
HTTP/1.1 200 OK
Content-Type: application/json; charset=UTF-8
content-length: 424

18:58:35.322 [AsyncHttpClient-1-9] DEBUG org.asynchttpclient.netty.channel.ChannelManager - Adding key: http://localhost:50195 for channel [id: 0x5b1fd059, L:/127.0.0.1:50207 - R:localhost/127.0.0.1:50195]
18:58:35.324 [AsyncHttpClient-1-10] DEBUG org.asynchttpclient.netty.channel.NettyConnectListener - Using new Channel '[id: 0xb465d963, L:/127.0.0.1:50208 - R:localhost/127.0.0.1:50195]' for 'GET' to '/devtools/browser/7a513fcc-a906-44e5-85bf-d6f17258833d'
18:58:35.334 [AsyncHttpClient-1-10] DEBUG org.asynchttpclient.netty.handler.WebSocketHandler - 

Request DefaultFullHttpRequest(decodeResult: success, version: HTTP/1.1, content: EmptyByteBufBE)
GET /devtools/browser/7a513fcc-a906-44e5-85bf-d6f17258833d HTTP/1.1
upgrade: websocket
connection: upgrade
sec-websocket-key: B68Y+z9U2IJvE5V3FRcWlA==
sec-websocket-version: 13
origin: http://localhost:50195
host: localhost:50195
accept: */*
user-agent: AHC/2.1

Response DefaultHttpResponse(decodeResult: success, version: HTTP/1.1)
HTTP/1.1 101 WebSocket Protocol Handshake
Upgrade: WebSocket
Connection: Upgrade
Sec-WebSocket-Accept: WuG3K7RibN67GXedapYINsykCek=

18:58:35.339 [Forwarding maximizeCurrentWindow on session caf07e8ace448980f5a3c1cf8551c84f to remote] DEBUG org.asynchttpclient.netty.request.NettyRequestSender - Using pooled Channel '[id: 0x1d602546, L:/127.0.0.1:50190 - R:localhost/127.0.0.1:53230]' for 'POST' to 'http://localhost:53230/session/caf07e8ace448980f5a3c1cf8551c84f/window/maximize'
18:58:35.339 [Forwarding maximizeCurrentWindow on session caf07e8ace448980f5a3c1cf8551c84f to remote] DEBUG org.asynchttpclient.netty.request.NettyRequestSender - Using open Channel [id: 0x1d602546, L:/127.0.0.1:50190 - R:localhost/127.0.0.1:53230] for POST '/session/caf07e8ace448980f5a3c1cf8551c84f/window/maximize'
18:58:35.448 [AsyncHttpClient-1-8] DEBUG org.asynchttpclient.netty.handler.HttpHandler - 

Request DefaultHttpRequest(decodeResult: success, version: HTTP/1.1)
POST /session/caf07e8ace448980f5a3c1cf8551c84f/window/maximize HTTP/1.1
User-Agent: selenium/4.0.0 (java mac)
Content-Length: 3
Content-Type: application/json; charset=utf-8
host: localhost:53230
accept: */*

Response DefaultHttpResponse(decodeResult: success, version: HTTP/1.1)
HTTP/1.1 200 OK
Content-Type: application/json; charset=utf-8
cache-control: no-cache
content-length: 51

18:58:35.448 [AsyncHttpClient-1-8] DEBUG org.asynchttpclient.netty.channel.ChannelManager - Adding key: http://localhost:53230 for channel [id: 0x1d602546, L:/127.0.0.1:50190 - R:localhost/127.0.0.1:53230]
18:58:35.450 [Forwarding setTimeout on session caf07e8ace448980f5a3c1cf8551c84f to remote] DEBUG org.asynchttpclient.netty.request.NettyRequestSender - Using pooled Channel '[id: 0x1d602546, L:/127.0.0.1:50190 - R:localhost/127.0.0.1:53230]' for 'POST' to 'http://localhost:53230/session/caf07e8ace448980f5a3c1cf8551c84f/timeouts'
18:58:35.450 [Forwarding setTimeout on session caf07e8ace448980f5a3c1cf8551c84f to remote] DEBUG org.asynchttpclient.netty.request.NettyRequestSender - Using open Channel [id: 0x1d602546, L:/127.0.0.1:50190 - R:localhost/127.0.0.1:53230] for POST '/session/caf07e8ace448980f5a3c1cf8551c84f/timeouts'
18:58:35.450 [AsyncHttpClient-1-8] DEBUG org.asynchttpclient.netty.handler.HttpHandler - 

Request DefaultHttpRequest(decodeResult: success, version: HTTP/1.1)
POST /session/caf07e8ace448980f5a3c1cf8551c84f/timeouts HTTP/1.1
User-Agent: selenium/4.0.0 (java mac)
Content-Length: 23
Content-Type: application/json; charset=utf-8
host: localhost:53230
accept: */*

Response DefaultHttpResponse(decodeResult: success, version: HTTP/1.1)
HTTP/1.1 200 OK
Content-Type: application/json; charset=utf-8
cache-control: no-cache
content-length: 14

18:58:35.451 [AsyncHttpClient-1-8] DEBUG org.asynchttpclient.netty.channel.ChannelManager - Adding key: http://localhost:53230 for channel [id: 0x1d602546, L:/127.0.0.1:50190 - R:localhost/127.0.0.1:53230]
18:58:35.453 [Forwarding get on session caf07e8ace448980f5a3c1cf8551c84f to remote] DEBUG org.asynchttpclient.netty.request.NettyRequestSender - Using pooled Channel '[id: 0x1d602546, L:/127.0.0.1:50190 - R:localhost/127.0.0.1:53230]' for 'POST' to 'http://localhost:53230/session/caf07e8ace448980f5a3c1cf8551c84f/url'
18:58:35.453 [Forwarding get on session caf07e8ace448980f5a3c1cf8551c84f to remote] DEBUG org.asynchttpclient.netty.request.NettyRequestSender - Using open Channel [id: 0x1d602546, L:/127.0.0.1:50190 - R:localhost/127.0.0.1:53230] for POST '/session/caf07e8ace448980f5a3c1cf8551c84f/url'
18:58:36.258 [AsyncHttpClient-1-1] DEBUG org.asynchttpclient.netty.channel.DefaultChannelPool - Entry count for : http://localhost:53370 : 1
18:58:36.258 [AsyncHttpClient-1-1] DEBUG org.asynchttpclient.netty.channel.DefaultChannelPool - Entry count for : http://localhost:50195 : 1
18:58:36.258 [AsyncHttpClient-1-1] DEBUG org.asynchttpclient.netty.channel.DefaultChannelPool - Entry count for : http://localhost:49539 : 1
18:58:36.258 [AsyncHttpClient-1-1] DEBUG org.asynchttpclient.netty.channel.DefaultChannelPool - Entry count for : http://localhost:49858 : 1
18:58:36.258 [AsyncHttpClient-1-1] DEBUG org.asynchttpclient.netty.channel.DefaultChannelPool - Entry count for : http://localhost:63415 : 1
18:58:36.258 [AsyncHttpClient-1-1] DEBUG org.asynchttpclient.netty.channel.DefaultChannelPool - Adding Candidate expired Channel [id: 0xb35d55d6, L:/127.0.0.1:49553 - R:localhost/127.0.0.1:49539] isIdleTimeoutExpired=true isRemotelyClosed=false isTtlExpired=false
18:58:36.258 [AsyncHttpClient-1-1] DEBUG org.asynchttpclient.netty.channel.DefaultChannelPool - Closing Idle Channel [id: 0xb35d55d6, L:/127.0.0.1:49553 - R:localhost/127.0.0.1:49539]
18:58:36.260 [AsyncHttpClient-1-1] DEBUG org.asynchttpclient.netty.channel.DefaultChannelPool - Closed 1 connections out of 5 in 2 ms
18:58:36.262 [AsyncHttpClient-1-3] DEBUG org.asynchttpclient.netty.handler.HttpHandler - Channel Closed: [id: 0xb35d55d6, L:/127.0.0.1:49553 ! R:localhost/127.0.0.1:49539] with attribute DISCARD
18:58:37.363 [AsyncHttpClient-1-1] DEBUG org.asynchttpclient.netty.channel.DefaultChannelPool - Entry count for : http://localhost:53370 : 1
18:58:37.363 [AsyncHttpClient-1-1] DEBUG org.asynchttpclient.netty.channel.DefaultChannelPool - Entry count for : http://localhost:50195 : 1
18:58:37.363 [AsyncHttpClient-1-1] DEBUG org.asynchttpclient.netty.channel.DefaultChannelPool - Entry count for : http://localhost:49858 : 1
18:58:37.363 [AsyncHttpClient-1-1] DEBUG org.asynchttpclient.netty.channel.DefaultChannelPool - Entry count for : http://localhost:63415 : 1
18:58:38.463 [AsyncHttpClient-1-1] DEBUG org.asynchttpclient.netty.channel.DefaultChannelPool - Entry count for : http://localhost:53370 : 1
18:58:38.463 [AsyncHttpClient-1-1] DEBUG org.asynchttpclient.netty.channel.DefaultChannelPool - Entry count for : http://localhost:50195 : 1
18:58:38.463 [AsyncHttpClient-1-1] DEBUG org.asynchttpclient.netty.channel.DefaultChannelPool - Entry count for : http://localhost:49858 : 1
18:58:38.463 [AsyncHttpClient-1-1] DEBUG org.asynchttpclient.netty.channel.DefaultChannelPool - Entry count for : http://localhost:63415 : 1
18:58:39.561 [AsyncHttpClient-1-1] DEBUG org.asynchttpclient.netty.channel.DefaultChannelPool - Entry count for : http://localhost:53370 : 1
18:58:39.561 [AsyncHttpClient-1-1] DEBUG org.asynchttpclient.netty.channel.DefaultChannelPool - Entry count for : http://localhost:50195 : 1
18:58:39.561 [AsyncHttpClient-1-1] DEBUG org.asynchttpclient.netty.channel.DefaultChannelPool - Entry count for : http://localhost:49858 : 1
18:58:39.561 [AsyncHttpClient-1-1] DEBUG org.asynchttpclient.netty.channel.DefaultChannelPool - Entry count for : http://localhost:63415 : 1
18:58:40.659 [AsyncHttpClient-1-1] DEBUG org.asynchttpclient.netty.channel.DefaultChannelPool - Entry count for : http://localhost:53370 : 1
18:58:40.659 [AsyncHttpClient-1-1] DEBUG org.asynchttpclient.netty.channel.DefaultChannelPool - Entry count for : http://localhost:50195 : 1
18:58:40.659 [AsyncHttpClient-1-1] DEBUG org.asynchttpclient.netty.channel.DefaultChannelPool - Entry count for : http://localhost:49858 : 1
18:58:40.659 [AsyncHttpClient-1-1] DEBUG org.asynchttpclient.netty.channel.DefaultChannelPool - Entry count for : http://localhost:63415 : 1
18:58:41.758 [AsyncHttpClient-1-1] DEBUG org.asynchttpclient.netty.channel.DefaultChannelPool - Entry count for : http://localhost:53370 : 1
18:58:41.758 [AsyncHttpClient-1-1] DEBUG org.asynchttpclient.netty.channel.DefaultChannelPool - Entry count for : http://localhost:50195 : 1
18:58:41.758 [AsyncHttpClient-1-1] DEBUG org.asynchttpclient.netty.channel.DefaultChannelPool - Entry count for : http://localhost:49858 : 1
18:58:41.758 [AsyncHttpClient-1-1] DEBUG org.asynchttpclient.netty.channel.DefaultChannelPool - Entry count for : http://localhost:63415 : 1
18:58:41.793 [AsyncHttpClient-1-8] DEBUG org.asynchttpclient.netty.handler.HttpHandler - 

Request DefaultHttpRequest(decodeResult: success, version: HTTP/1.1)
POST /session/caf07e8ace448980f5a3c1cf8551c84f/url HTTP/1.1
User-Agent: selenium/4.0.0 (java mac)
Content-Length: 88
Content-Type: application/json; charset=utf-8
host: localhost:53230
accept: */*

Response DefaultHttpResponse(decodeResult: success, version: HTTP/1.1)
HTTP/1.1 200 OK
Content-Type: application/json; charset=utf-8
cache-control: no-cache
content-length: 14

18:58:41.793 [AsyncHttpClient-1-8] DEBUG org.asynchttpclient.netty.channel.ChannelManager - Adding key: http://localhost:53230 for channel [id: 0x1d602546, L:/127.0.0.1:50190 - R:localhost/127.0.0.1:53230]
18:58:41.795 [Forwarding findElement on session caf07e8ace448980f5a3c1cf8551c84f to remote] DEBUG org.asynchttpclient.netty.request.NettyRequestSender - Using pooled Channel '[id: 0x1d602546, L:/127.0.0.1:50190 - R:localhost/127.0.0.1:53230]' for 'POST' to 'http://localhost:53230/session/caf07e8ace448980f5a3c1cf8551c84f/element'
18:58:41.795 [Forwarding findElement on session caf07e8ace448980f5a3c1cf8551c84f to remote] DEBUG org.asynchttpclient.netty.request.NettyRequestSender - Using open Channel [id: 0x1d602546, L:/127.0.0.1:50190 - R:localhost/127.0.0.1:53230] for POST '/session/caf07e8ace448980f5a3c1cf8551c84f/element'
18:58:41.803 [AsyncHttpClient-1-8] DEBUG org.asynchttpclient.netty.handler.HttpHandler - 

Request DefaultHttpRequest(decodeResult: success, version: HTTP/1.1)
POST /session/caf07e8ace448980f5a3c1cf8551c84f/element HTTP/1.1
User-Agent: selenium/4.0.0 (java mac)
Content-Length: 74
Content-Type: application/json; charset=utf-8
host: localhost:53230
accept: */*

Response DefaultHttpResponse(decodeResult: success, version: HTTP/1.1)
HTTP/1.1 200 OK
Content-Type: application/json; charset=utf-8
cache-control: no-cache
content-length: 88

18:58:41.803 [AsyncHttpClient-1-8] DEBUG org.asynchttpclient.netty.channel.ChannelManager - Adding key: http://localhost:53230 for channel [id: 0x1d602546, L:/127.0.0.1:50190 - R:localhost/127.0.0.1:53230]
18:58:41.805 [Forwarding findElement on session caf07e8ace448980f5a3c1cf8551c84f to remote] DEBUG org.asynchttpclient.netty.request.NettyRequestSender - Using pooled Channel '[id: 0x1d602546, L:/127.0.0.1:50190 - R:localhost/127.0.0.1:53230]' for 'POST' to 'http://localhost:53230/session/caf07e8ace448980f5a3c1cf8551c84f/element'
18:58:41.805 [Forwarding findElement on session caf07e8ace448980f5a3c1cf8551c84f to remote] DEBUG org.asynchttpclient.netty.request.NettyRequestSender - Using open Channel [id: 0x1d602546, L:/127.0.0.1:50190 - R:localhost/127.0.0.1:53230] for POST '/session/caf07e8ace448980f5a3c1cf8551c84f/element'
18:58:41.812 [AsyncHttpClient-1-8] DEBUG org.asynchttpclient.netty.handler.HttpHandler - 

Request DefaultHttpRequest(decodeResult: success, version: HTTP/1.1)
POST /session/caf07e8ace448980f5a3c1cf8551c84f/element HTTP/1.1
User-Agent: selenium/4.0.0 (java mac)
Content-Length: 78
Content-Type: application/json; charset=utf-8
host: localhost:53230
accept: */*

Response DefaultHttpResponse(decodeResult: success, version: HTTP/1.1)
HTTP/1.1 200 OK
Content-Type: application/json; charset=utf-8
cache-control: no-cache
content-length: 88

18:58:41.812 [AsyncHttpClient-1-8] DEBUG org.asynchttpclient.netty.channel.ChannelManager - Adding key: http://localhost:53230 for channel [id: 0x1d602546, L:/127.0.0.1:50190 - R:localhost/127.0.0.1:53230]
18:58:41.813 [Forwarding findElement on session caf07e8ace448980f5a3c1cf8551c84f to remote] DEBUG org.asynchttpclient.netty.request.NettyRequestSender - Using pooled Channel '[id: 0x1d602546, L:/127.0.0.1:50190 - R:localhost/127.0.0.1:53230]' for 'POST' to 'http://localhost:53230/session/caf07e8ace448980f5a3c1cf8551c84f/element'
18:58:41.813 [Forwarding findElement on session caf07e8ace448980f5a3c1cf8551c84f to remote] DEBUG org.asynchttpclient.netty.request.NettyRequestSender - Using open Channel [id: 0x1d602546, L:/127.0.0.1:50190 - R:localhost/127.0.0.1:53230] for POST '/session/caf07e8ace448980f5a3c1cf8551c84f/element'
18:58:41.819 [AsyncHttpClient-1-8] DEBUG org.asynchttpclient.netty.handler.HttpHandler - 

Request DefaultHttpRequest(decodeResult: success, version: HTTP/1.1)
POST /session/caf07e8ace448980f5a3c1cf8551c84f/element HTTP/1.1
User-Agent: selenium/4.0.0 (java mac)
Content-Length: 62
Content-Type: application/json; charset=utf-8
host: localhost:53230
accept: */*

Response DefaultHttpResponse(decodeResult: success, version: HTTP/1.1)
HTTP/1.1 200 OK
Content-Type: application/json; charset=utf-8
cache-control: no-cache
content-length: 88

18:58:41.820 [AsyncHttpClient-1-8] DEBUG org.asynchttpclient.netty.channel.ChannelManager - Adding key: http://localhost:53230 for channel [id: 0x1d602546, L:/127.0.0.1:50190 - R:localhost/127.0.0.1:53230]
18:58:41.832 [Forwarding actions on session caf07e8ace448980f5a3c1cf8551c84f to remote] DEBUG org.asynchttpclient.netty.request.NettyRequestSender - Using pooled Channel '[id: 0x1d602546, L:/127.0.0.1:50190 - R:localhost/127.0.0.1:53230]' for 'POST' to 'http://localhost:53230/session/caf07e8ace448980f5a3c1cf8551c84f/actions'
18:58:41.832 [Forwarding actions on session caf07e8ace448980f5a3c1cf8551c84f to remote] DEBUG org.asynchttpclient.netty.request.NettyRequestSender - Using open Channel [id: 0x1d602546, L:/127.0.0.1:50190 - R:localhost/127.0.0.1:53230] for POST '/session/caf07e8ace448980f5a3c1cf8551c84f/actions'
18:58:42.461 [AsyncHttpClient-1-8] DEBUG org.asynchttpclient.netty.handler.HttpHandler - 

Request DefaultHttpRequest(decodeResult: success, version: HTTP/1.1)
POST /session/caf07e8ace448980f5a3c1cf8551c84f/actions HTTP/1.1
User-Agent: selenium/4.0.0 (java mac)
Content-Length: 9478
Content-Type: application/json; charset=utf-8
host: localhost:53230
accept: */*

Response DefaultHttpResponse(decodeResult: success, version: HTTP/1.1)
HTTP/1.1 200 OK
Content-Type: application/json; charset=utf-8
cache-control: no-cache
content-length: 14

18:58:42.462 [AsyncHttpClient-1-8] DEBUG org.asynchttpclient.netty.channel.ChannelManager - Adding key: http://localhost:53230 for channel [id: 0x1d602546, L:/127.0.0.1:50190 - R:localhost/127.0.0.1:53230]
18:58:42.463 [Forwarding findElement on session caf07e8ace448980f5a3c1cf8551c84f to remote] DEBUG org.asynchttpclient.netty.request.NettyRequestSender - Using pooled Channel '[id: 0x1d602546, L:/127.0.0.1:50190 - R:localhost/127.0.0.1:53230]' for 'POST' to 'http://localhost:53230/session/caf07e8ace448980f5a3c1cf8551c84f/element'
18:58:42.463 [Forwarding findElement on session caf07e8ace448980f5a3c1cf8551c84f to remote] DEBUG org.asynchttpclient.netty.request.NettyRequestSender - Using open Channel [id: 0x1d602546, L:/127.0.0.1:50190 - R:localhost/127.0.0.1:53230] for POST '/session/caf07e8ace448980f5a3c1cf8551c84f/element'
18:58:42.860 [AsyncHttpClient-1-1] DEBUG org.asynchttpclient.netty.channel.DefaultChannelPool - Entry count for : http://localhost:53370 : 1
18:58:42.861 [AsyncHttpClient-1-1] DEBUG org.asynchttpclient.netty.channel.DefaultChannelPool - Entry count for : http://localhost:50195 : 1
18:58:42.861 [AsyncHttpClient-1-1] DEBUG org.asynchttpclient.netty.channel.DefaultChannelPool - Entry count for : http://localhost:49858 : 1
18:58:42.861 [AsyncHttpClient-1-1] DEBUG org.asynchttpclient.netty.channel.DefaultChannelPool - Entry count for : http://localhost:63415 : 1
18:58:43.959 [AsyncHttpClient-1-1] DEBUG org.asynchttpclient.netty.channel.DefaultChannelPool - Entry count for : http://localhost:53370 : 1
18:58:43.959 [AsyncHttpClient-1-1] DEBUG org.asynchttpclient.netty.channel.DefaultChannelPool - Entry count for : http://localhost:50195 : 1
18:58:43.959 [AsyncHttpClient-1-1] DEBUG org.asynchttpclient.netty.channel.DefaultChannelPool - Entry count for : http://localhost:49858 : 1
18:58:43.959 [AsyncHttpClient-1-1] DEBUG org.asynchttpclient.netty.channel.DefaultChannelPool - Entry count for : http://localhost:63415 : 1
18:58:45.061 [AsyncHttpClient-1-1] DEBUG org.asynchttpclient.netty.channel.DefaultChannelPool - Entry count for : http://localhost:53370 : 1
18:58:45.061 [AsyncHttpClient-1-1] DEBUG org.asynchttpclient.netty.channel.DefaultChannelPool - Entry count for : http://localhost:50195 : 1
18:58:45.061 [AsyncHttpClient-1-1] DEBUG org.asynchttpclient.netty.channel.DefaultChannelPool - Entry count for : http://localhost:49858 : 1
18:58:45.061 [AsyncHttpClient-1-1] DEBUG org.asynchttpclient.netty.channel.DefaultChannelPool - Entry count for : http://localhost:63415 : 1
18:58:46.161 [AsyncHttpClient-1-1] DEBUG org.asynchttpclient.netty.channel.DefaultChannelPool - Entry count for : http://localhost:53370 : 1
18:58:46.161 [AsyncHttpClient-1-1] DEBUG org.asynchttpclient.netty.channel.DefaultChannelPool - Entry count for : http://localhost:50195 : 1
18:58:46.161 [AsyncHttpClient-1-1] DEBUG org.asynchttpclient.netty.channel.DefaultChannelPool - Entry count for : http://localhost:49858 : 1
18:58:46.161 [AsyncHttpClient-1-1] DEBUG org.asynchttpclient.netty.channel.DefaultChannelPool - Entry count for : http://localhost:63415 : 1
18:58:47.262 [AsyncHttpClient-1-1] DEBUG org.asynchttpclient.netty.channel.DefaultChannelPool - Entry count for : http://localhost:53370 : 1
18:58:47.262 [AsyncHttpClient-1-1] DEBUG org.asynchttpclient.netty.channel.DefaultChannelPool - Entry count for : http://localhost:50195 : 1
18:58:47.262 [AsyncHttpClient-1-1] DEBUG org.asynchttpclient.netty.channel.DefaultChannelPool - Entry count for : http://localhost:49858 : 1
18:58:47.262 [AsyncHttpClient-1-1] DEBUG org.asynchttpclient.netty.channel.DefaultChannelPool - Entry count for : http://localhost:63415 : 1
18:58:48.362 [AsyncHttpClient-1-1] DEBUG org.asynchttpclient.netty.channel.DefaultChannelPool - Entry count for : http://localhost:53370 : 1
18:58:48.362 [AsyncHttpClient-1-1] DEBUG org.asynchttpclient.netty.channel.DefaultChannelPool - Entry count for : http://localhost:50195 : 1
18:58:48.362 [AsyncHttpClient-1-1] DEBUG org.asynchttpclient.netty.channel.DefaultChannelPool - Entry count for : http://localhost:49858 : 1
18:58:48.362 [AsyncHttpClient-1-1] DEBUG org.asynchttpclient.netty.channel.DefaultChannelPool - Entry count for : http://localhost:63415 : 1
18:58:49.463 [AsyncHttpClient-1-1] DEBUG org.asynchttpclient.netty.channel.DefaultChannelPool - Entry count for : http://localhost:53370 : 1
18:58:49.463 [AsyncHttpClient-1-1] DEBUG org.asynchttpclient.netty.channel.DefaultChannelPool - Entry count for : http://localhost:50195 : 1
18:58:49.463 [AsyncHttpClient-1-1] DEBUG org.asynchttpclient.netty.channel.DefaultChannelPool - Entry count for : http://localhost:49858 : 1
18:58:49.463 [AsyncHttpClient-1-1] DEBUG org.asynchttpclient.netty.channel.DefaultChannelPool - Entry count for : http://localhost:63415 : 1
18:58:50.558 [AsyncHttpClient-1-1] DEBUG org.asynchttpclient.netty.channel.DefaultChannelPool - Entry count for : http://localhost:53370 : 1
18:58:50.558 [AsyncHttpClient-1-1] DEBUG org.asynchttpclient.netty.channel.DefaultChannelPool - Entry count for : http://localhost:50195 : 1
18:58:50.558 [AsyncHttpClient-1-1] DEBUG org.asynchttpclient.netty.channel.DefaultChannelPool - Entry count for : http://localhost:49858 : 1
18:58:50.558 [AsyncHttpClient-1-1] DEBUG org.asynchttpclient.netty.channel.DefaultChannelPool - Entry count for : http://localhost:63415 : 1
18:58:51.660 [AsyncHttpClient-1-1] DEBUG org.asynchttpclient.netty.channel.DefaultChannelPool - Entry count for : http://localhost:53370 : 1
18:58:51.660 [AsyncHttpClient-1-1] DEBUG org.asynchttpclient.netty.channel.DefaultChannelPool - Entry count for : http://localhost:50195 : 1
18:58:51.660 [AsyncHttpClient-1-1] DEBUG org.asynchttpclient.netty.channel.DefaultChannelPool - Entry count for : http://localhost:49858 : 1
18:58:51.660 [AsyncHttpClient-1-1] DEBUG org.asynchttpclient.netty.channel.DefaultChannelPool - Entry count for : http://localhost:63415 : 1
18:58:52.760 [AsyncHttpClient-1-1] DEBUG org.asynchttpclient.netty.channel.DefaultChannelPool - Entry count for : http://localhost:53370 : 1
18:58:52.760 [AsyncHttpClient-1-1] DEBUG org.asynchttpclient.netty.channel.DefaultChannelPool - Entry count for : http://localhost:50195 : 1
18:58:52.760 [AsyncHttpClient-1-1] DEBUG org.asynchttpclient.netty.channel.DefaultChannelPool - Entry count for : http://localhost:49858 : 1
18:58:52.760 [AsyncHttpClient-1-1] DEBUG org.asynchttpclient.netty.channel.DefaultChannelPool - Entry count for : http://localhost:63415 : 1
18:58:53.861 [AsyncHttpClient-1-1] DEBUG org.asynchttpclient.netty.channel.DefaultChannelPool - Entry count for : http://localhost:53370 : 1
18:58:53.862 [AsyncHttpClient-1-1] DEBUG org.asynchttpclient.netty.channel.DefaultChannelPool - Entry count for : http://localhost:50195 : 1
18:58:53.862 [AsyncHttpClient-1-1] DEBUG org.asynchttpclient.netty.channel.DefaultChannelPool - Entry count for : http://localhost:49858 : 1
18:58:53.862 [AsyncHttpClient-1-1] DEBUG org.asynchttpclient.netty.channel.DefaultChannelPool - Entry count for : http://localhost:63415 : 1
18:58:54.958 [AsyncHttpClient-1-1] DEBUG org.asynchttpclient.netty.channel.DefaultChannelPool - Entry count for : http://localhost:53370 : 1
18:58:54.958 [AsyncHttpClient-1-1] DEBUG org.asynchttpclient.netty.channel.DefaultChannelPool - Entry count for : http://localhost:50195 : 1
18:58:54.958 [AsyncHttpClient-1-1] DEBUG org.asynchttpclient.netty.channel.DefaultChannelPool - Entry count for : http://localhost:49858 : 1
18:58:54.958 [AsyncHttpClient-1-1] DEBUG org.asynchttpclient.netty.channel.DefaultChannelPool - Entry count for : http://localhost:63415 : 1
18:58:56.062 [AsyncHttpClient-1-1] DEBUG org.asynchttpclient.netty.channel.DefaultChannelPool - Entry count for : http://localhost:53370 : 1
18:58:56.062 [AsyncHttpClient-1-1] DEBUG org.asynchttpclient.netty.channel.DefaultChannelPool - Entry count for : http://localhost:50195 : 1
18:58:56.062 [AsyncHttpClient-1-1] DEBUG org.asynchttpclient.netty.channel.DefaultChannelPool - Entry count for : http://localhost:49858 : 1
18:58:56.062 [AsyncHttpClient-1-1] DEBUG org.asynchttpclient.netty.channel.DefaultChannelPool - Entry count for : http://localhost:63415 : 1
18:58:57.159 [AsyncHttpClient-1-1] DEBUG org.asynchttpclient.netty.channel.DefaultChannelPool - Entry count for : http://localhost:53370 : 1
18:58:57.159 [AsyncHttpClient-1-1] DEBUG org.asynchttpclient.netty.channel.DefaultChannelPool - Entry count for : http://localhost:50195 : 1
18:58:57.159 [AsyncHttpClient-1-1] DEBUG org.asynchttpclient.netty.channel.DefaultChannelPool - Entry count for : http://localhost:49858 : 1
18:58:57.159 [AsyncHttpClient-1-1] DEBUG org.asynchttpclient.netty.channel.DefaultChannelPool - Entry count for : http://localhost:63415 : 1
18:58:57.317 [AsyncHttpClient-1-8] DEBUG org.asynchttpclient.netty.handler.HttpHandler - 

Request DefaultHttpRequest(decodeResult: success, version: HTTP/1.1)
POST /session/caf07e8ace448980f5a3c1cf8551c84f/element HTTP/1.1
User-Agent: selenium/4.0.0 (java mac)
Content-Length: 95
Content-Type: application/json; charset=utf-8
host: localhost:53230
accept: */*

Response DefaultHttpResponse(decodeResult: success, version: HTTP/1.1)
HTTP/1.1 200 OK
Content-Type: application/json; charset=utf-8
cache-control: no-cache
content-length: 88

18:58:57.317 [AsyncHttpClient-1-8] DEBUG org.asynchttpclient.netty.channel.ChannelManager - Adding key: http://localhost:53230 for channel [id: 0x1d602546, L:/127.0.0.1:50190 - R:localhost/127.0.0.1:53230]
18:58:57.321 [Forwarding isElementDisplayed on session caf07e8ace448980f5a3c1cf8551c84f to remote] DEBUG org.asynchttpclient.netty.request.NettyRequestSender - Using pooled Channel '[id: 0x1d602546, L:/127.0.0.1:50190 - R:localhost/127.0.0.1:53230]' for 'POST' to 'http://localhost:53230/session/caf07e8ace448980f5a3c1cf8551c84f/execute/sync'
18:58:57.321 [Forwarding isElementDisplayed on session caf07e8ace448980f5a3c1cf8551c84f to remote] DEBUG org.asynchttpclient.netty.request.NettyRequestSender - Using open Channel [id: 0x1d602546, L:/127.0.0.1:50190 - R:localhost/127.0.0.1:53230] for POST '/session/caf07e8ace448980f5a3c1cf8551c84f/execute/sync'
18:58:57.332 [AsyncHttpClient-1-8] DEBUG org.asynchttpclient.netty.handler.HttpHandler - 

Request DefaultHttpRequest(decodeResult: success, version: HTTP/1.1)
POST /session/caf07e8ace448980f5a3c1cf8551c84f/execute/sync HTTP/1.1
User-Agent: selenium/4.0.0 (java mac)
Content-Length: 48780
Content-Type: application/json; charset=utf-8
host: localhost:53230
accept: */*

Response DefaultHttpResponse(decodeResult: success, version: HTTP/1.1)
HTTP/1.1 200 OK
Content-Type: application/json; charset=utf-8
cache-control: no-cache
content-length: 14

18:58:57.332 [AsyncHttpClient-1-8] DEBUG org.asynchttpclient.netty.channel.ChannelManager - Adding key: http://localhost:53230 for channel [id: 0x1d602546, L:/127.0.0.1:50190 - R:localhost/127.0.0.1:53230]
18:58:57.333 [Forwarding findElement on session caf07e8ace448980f5a3c1cf8551c84f to remote] DEBUG org.asynchttpclient.netty.request.NettyRequestSender - Using pooled Channel '[id: 0x1d602546, L:/127.0.0.1:50190 - R:localhost/127.0.0.1:53230]' for 'POST' to 'http://localhost:53230/session/caf07e8ace448980f5a3c1cf8551c84f/element'
18:58:57.333 [Forwarding findElement on session caf07e8ace448980f5a3c1cf8551c84f to remote] DEBUG org.asynchttpclient.netty.request.NettyRequestSender - Using open Channel [id: 0x1d602546, L:/127.0.0.1:50190 - R:localhost/127.0.0.1:53230] for POST '/session/caf07e8ace448980f5a3c1cf8551c84f/element'
18:58:57.338 [AsyncHttpClient-1-8] DEBUG org.asynchttpclient.netty.handler.HttpHandler - 

Request DefaultHttpRequest(decodeResult: success, version: HTTP/1.1)
POST /session/caf07e8ace448980f5a3c1cf8551c84f/element HTTP/1.1
User-Agent: selenium/4.0.0 (java mac)
Content-Length: 95
Content-Type: application/json; charset=utf-8
host: localhost:53230
accept: */*

Response DefaultHttpResponse(decodeResult: success, version: HTTP/1.1)
HTTP/1.1 200 OK
Content-Type: application/json; charset=utf-8
cache-control: no-cache
content-length: 88

18:58:57.338 [AsyncHttpClient-1-8] DEBUG org.asynchttpclient.netty.channel.ChannelManager - Adding key: http://localhost:53230 for channel [id: 0x1d602546, L:/127.0.0.1:50190 - R:localhost/127.0.0.1:53230]
18:58:57.339 [Forwarding getElementText on session caf07e8ace448980f5a3c1cf8551c84f to remote] DEBUG org.asynchttpclient.netty.request.NettyRequestSender - Using pooled Channel '[id: 0x1d602546, L:/127.0.0.1:50190 - R:localhost/127.0.0.1:53230]' for 'GET' to 'http://localhost:53230/session/caf07e8ace448980f5a3c1cf8551c84f/element/b1f682d9-0c4f-4ac9-9035-c2d24c374a6c/text'
18:58:57.339 [Forwarding getElementText on session caf07e8ace448980f5a3c1cf8551c84f to remote] DEBUG org.asynchttpclient.netty.request.NettyRequestSender - Using open Channel [id: 0x1d602546, L:/127.0.0.1:50190 - R:localhost/127.0.0.1:53230] for GET '/session/caf07e8ace448980f5a3c1cf8551c84f/element/b1f682d9-0c4f-4ac9-9035-c2d24c374a6c/text'
18:58:57.349 [AsyncHttpClient-1-8] DEBUG org.asynchttpclient.netty.handler.HttpHandler - 

Request DefaultFullHttpRequest(decodeResult: success, version: HTTP/1.1, content: EmptyByteBufBE)
GET /session/caf07e8ace448980f5a3c1cf8551c84f/element/b1f682d9-0c4f-4ac9-9035-c2d24c374a6c/text HTTP/1.1
User-Agent: selenium/4.0.0 (java mac)
Cache-Control: no-cache
Content-Type: application/json; charset=utf-8
host: localhost:53230
accept: */*

Response DefaultHttpResponse(decodeResult: success, version: HTTP/1.1)
HTTP/1.1 200 OK
Content-Type: application/json; charset=utf-8
cache-control: no-cache
content-length: 29

18:58:57.350 [AsyncHttpClient-1-8] DEBUG org.asynchttpclient.netty.channel.ChannelManager - Adding key: http://localhost:53230 for channel [id: 0x1d602546, L:/127.0.0.1:50190 - R:localhost/127.0.0.1:53230]
]]></system-out>
    <system-err><![CDATA[Starting ChromeDriver 98.0.4758.102 (273bf7ac8c909cde36982d27f66f3c70846a3718-refs/branch-heads/4758@{#1151}) on port 53230
Only local connections are allowed.
Please see https://chromedriver.chromium.org/security-considerations for suggestions on keeping ChromeDriver safe.
ChromeDriver was started successfully.
февр. 27, 2022 6:58:35 PM org.openqa.selenium.remote.ProtocolHandshake createSession
INFO: Detected dialect: W3C
февр. 27, 2022 6:58:35 PM org.openqa.selenium.devtools.CdpVersionFinder findNearestMatch
WARNING: Unable to find an exact match for CDP version 98, so returning the closest version found: 95
февр. 27, 2022 6:58:35 PM org.openqa.selenium.devtools.CdpVersionFinder findNearestMatch
INFO: Found CDP implementation for version 98 of 95
]]></system-err>
  </testcase>
</testsuite>